d:\git\gklua\debug\win32\vc140.pdb
d:\git\gklua\debug\win32\vc140.idb
d:\git\gklua\debug\win32\lmathlib.obj
d:\git\gklua\debug\win32\lmem.obj
d:\git\gklua\debug\win32\loadlib.obj
d:\git\gklua\debug\win32\lobject.obj
d:\git\gklua\debug\win32\lopcodes.obj
d:\git\gklua\debug\win32\loslib.obj
d:\git\gklua\debug\win32\lparser.obj
d:\git\gklua\debug\win32\lstate.obj
d:\git\gklua\debug\win32\lstring.obj
d:\git\gklua\debug\win32\lstrlib.obj
d:\git\gklua\debug\win32\ltable.obj
d:\git\gklua\debug\win32\ltablib.obj
d:\git\gklua\debug\win32\ltm.obj
d:\git\gklua\debug\win32\lundump.obj
d:\git\gklua\debug\win32\lutf8lib.obj
d:\git\gklua\debug\win32\lvm.obj
d:\git\gklua\debug\win32\lzio.obj
d:\git\gklua\debug\win32\compat-5.2.obj
d:\git\gklua\debug\win32\md5.obj
d:\git\gklua\debug\win32\md5lib.obj
d:\git\gklua\debug\win32\udp.obj
d:\git\gklua\debug\win32\wsocket.obj
d:\git\gklua\debug\win32\ls_odbc.obj
d:\git\gklua\debug\win32\luasql.obj
d:\git\gklua\debug\win32\lapi.obj
d:\git\gklua\debug\win32\lauxlib.obj
d:\git\gklua\debug\win32\lbaselib.obj
d:\git\gklua\debug\win32\lbitlib.obj
d:\git\gklua\debug\win32\lcode.obj
d:\git\gklua\debug\win32\lcorolib.obj
d:\git\gklua\debug\win32\lctype.obj
d:\git\gklua\debug\win32\ldblib.obj
d:\git\gklua\debug\win32\ldebug.obj
d:\git\gklua\debug\win32\ldo.obj
d:\git\gklua\debug\win32\ldump.obj
d:\git\gklua\debug\win32\lfunc.obj
d:\git\gklua\debug\win32\lgc.obj
d:\git\gklua\debug\win32\linit.obj
d:\git\gklua\debug\win32\liolib.obj
d:\git\gklua\debug\win32\llex.obj
d:\git\gklua\debug\win32\dtoa.obj
d:\git\gklua\debug\win32\g_fmt.obj
d:\git\gklua\debug\win32\lua_cjson.obj
d:\git\gklua\debug\win32\strbuf.obj
d:\git\gklua\debug\win32\auxiliar.obj
d:\git\gklua\debug\win32\buffer.obj
d:\git\gklua\debug\win32\compat.obj
d:\git\gklua\debug\win32\except.obj
d:\git\gklua\debug\win32\inet.obj
d:\git\gklua\debug\win32\io.obj
d:\git\gklua\debug\win32\luasocket.obj
d:\git\gklua\debug\win32\mime.obj
d:\git\gklua\debug\win32\options.obj
d:\git\gklua\debug\win32\select.obj
d:\git\gklua\debug\win32\tcp.obj
d:\git\gklua\debug\win32\timeout.obj
d:\git\gklua\debug\win32\luamodule.obj
d:\git\gklua\debug\win32\luawrapper.obj
d:\git\gklua\debug\win32\luamoduled.ilk
d:\git\gklua\debug\win32\luamoduled.dll
d:\git\gklua\debug\win32\luamoduled.pdb
d:\git\gklua\debug\win32\luamoduled.lib
d:\git\gklua\debug\win32\luamoduled.exp
d:\git\gklua\debug\win32\luamodule.tlog\cl.command.1.tlog
d:\git\gklua\debug\win32\luamodule.tlog\cl.read.1.tlog
d:\git\gklua\debug\win32\luamodule.tlog\cl.write.1.tlog
d:\git\gklua\debug\win32\luamodule.tlog\link.command.1.tlog
d:\git\gklua\debug\win32\luamodule.tlog\link.read.1.tlog
d:\git\gklua\debug\win32\luamodule.tlog\link.write.1.tlog
d:\git\gklua\debug\win32\luamodule.tlog\luamodule.write.1u.tlog
